<?xml version="1.0" encoding="UTF-8"?>
<!-- Generated by org.testng.reporters.JUnitReportReporter -->
<testsuite name="com.qa.test.TestBrowser" tests="1" time="17.248" ignored="0" failures="0" timestamp="06 Jan 2021 07:33:44 GMT" skipped="0" hostname="HP" errors="0">
  <testcase name="m1" time="17.248" classname="com.qa.test.TestBrowser"/>
</testsuite> <!-- com.qa.test.TestBrowser -->
